[13:53:38] [INIT] KubeJS 2001.6.5-build.16; MC 2001 forge
[13:53:38] [INIT] Loaded plugins:
[13:53:38] [INIT] - dev.latvian.mods.kubejs.forge.BuiltinKubeJSForgePlugin
[13:53:38] [INIT] - dev.latvian.mods.kubejs.forge.BuiltinKubeJSForgeClientPlugin
[13:53:38] [INIT] - pie.ilikepiefoo.kubejsoffline.OfflinePlugin
[13:53:38] [INIT] - net.threetag.palladium.compat.kubejs.PalladiumKubeJSPlugin
[13:53:38] [INIT] - com.probejs.ProbeJSPlugin
[13:53:38] [INFO] example.js#5: Hello, World! (Loaded server scripts)
[13:53:38] [INFO] Loaded script server_scripts:example.js in 0.0 s
[13:53:38] [INFO] Loaded script addonpack_heroes:kubejs_scripts/toggle_theft.js in 0.001 s
[13:53:38] [INFO] Loaded script addonpack_heroes:kubejs_scripts/toggle_hud.js in 0.0 s
[13:53:38] [INFO] Loaded script addonpack_heroes:kubejs_scripts/spatial_travel_command.js in 0.001 s
[13:53:38] [INFO] Loaded script addonpack_heroes:kubejs_scripts/prevent_death.js in 0.0 s
[13:53:38] [INFO] addonpack_heroes:kubejs_scripts/prevent_damage.js#8: Loaded Java class 'net.minecraft.network.protocol.game.ClientboundSetEntityMotionPacket'
[13:53:38] [INFO] Loaded script addonpack_heroes:kubejs_scripts/prevent_damage.js in 0.001 s
[13:53:38] [INFO] Loaded script addonpack_heroes:kubejs_scripts/intuitive_teach.js in 0.0 s
[13:53:38] [INFO] Loaded script addonpack_heroes:kubejs_scripts/heroes_superpower_command.js in 0.001 s
[13:53:38] [INFO] Loaded script addonpack_heroes:kubejs_scripts/clairvoyance.js in 0.001 s
[13:53:38] [INFO] Loaded script addonpack_palladiumextras:kubejs_scripts/titanium.js in 0.001 s
[13:53:38] [INFO] Loaded script addonpack_grave.core:kubejs_scripts/receive_power_selected.js in 0.0 s
[13:53:38] [INFO] Loaded script addonpack_grave.core:kubejs_scripts/key.js in 0.0 s
[13:53:38] [INFO] Loaded script addonpack_grave.core:kubejs_scripts/death_no_armour.js in 0.0 s
[13:53:38] [INFO] Loaded script addonpack_grave.core:kubejs_scripts/camera.js in 0.0 s
[13:53:38] [INFO] Loaded 14/14 KubeJS server scripts in 0.014 s with 0 errors and 0 warnings
[13:53:38] [INFO] Scripts loaded
[13:53:38] [INFO] [minecraft:block] Found 316 tags, added 4 objects, removed 0 objects
[13:53:38] [INFO] [minecraft:item] Found 438 tags, added 2 objects, removed 0 objects
[13:53:41] [INFO] Server resource reload complete!
